17:50:30.02 <info> localhost (in index.js:20)
17:50:30.10 <error> Unknown endpoint (in index.js:33)
17:50:39.59 <info> localhost (in index.js:20)
17:50:39.59 <error> Unknown endpoint (in index.js:33)
17:53:26.77 <error> Unexpected token } in JSON at position 277 (in index.js:33)
17:54:54.14 <error> Unexpected token } in JSON at position 277 (in index.js:33)
17:55:03.71 <error> Unexpected token } in JSON at position 277 (in index.js:33)
17:55:17.85 <error> Unexpected token } in JSON at position 277 (in index.js:33)
17:55:25.63 <info> localhost (in index.js:20)
17:55:25.63 <error> Unknown endpoint (in index.js:33)
17:55:38.83 <info> localhost (in index.js:20)
17:55:38.83 <error> Unknown endpoint (in index.js:33)
17:55:39.73 <info> localhost (in index.js:20)
17:55:39.73 <error> Unknown endpoint (in index.js:33)
17:57:10.59 <info> localhost (in index.js:20)
17:57:10.59 <error> Unknown endpoint (in index.js:33)
17:57:51.51 <info> localhost (in index.js:20)
17:59:06.48 <info> localhost (in index.js:20)
17:59:06.48 <error> Unknown endpoint (in index.js:33)
18:05:36.76 <info> localhost (in index.js:20)
18:05:37.02 <error> Invalid regular expression: /^([a-zA-Z0-9_-.]+)@(([[0-9]{1,3}.[0-9]{1,3}.[0-9]{1,3}.)|(([a-zA-Z0-9-]+.)+))([a-zA-Z]{2,4}|[0-9]{1,3})(]?)$/: Range out of order in character class (in index.js:33)
18:55:55.38 <info> localhost (in index.js:20)
18:55:55.53 <error> Invalid Email: jsnow@avans.nl (in index.js:33)
19:02:38.01 <info> localhost (in index.js:20)
19:02:38.16 <error> Invalid Email: jsnow@avans.nl (in index.js:33)
19:19:38.46 <info> localhost (in index.js:20)
19:19:39.38 <error> ER_BAD_FIELD_ERROR: Unknown column 'email' in 'field list' (in index.js:33)
19:24:50.56 <info> localhost (in index.js:20)
19:31:11.46 <info> localhost (in index.js:20)
19:31:22.17 <error> ER_BAD_FIELD_ERROR: Unknown column 'email' in 'where clause' (in index.js:33)
19:31:59.61 <info> localhost (in index.js:20)
19:32:00.37 <error> Invalid login, bye (in index.js:33)
19:33:22.24 <info> localhost (in index.js:20)
19:42:01.48 <info> localhost (in index.js:20)
19:44:29.67 <info> localhost (in index.js:20)
19:45:04.23 <info> localhost (in index.js:20)
19:45:52.82 <info> localhost (in index.js:20)
19:46:22.89 <info> localhost (in index.js:20)
19:48:38.31 <info> localhost (in index.js:20)
19:49:38.37 <info> localhost (in index.js:20)
19:50:02.98 <info> localhost (in index.js:20)
20:29:59.31 <info> localhost (in index.js:20)
20:29:59.42 <error> token is not a string! (in index.js:33)
20:30:47.33 <info> localhost (in index.js:20)
20:33:56.66 <info> localhost (in index.js:20)
20:33:56.66 <error> token is not a string! (in index.js:33)
20:35:33.19 <info> localhost (in index.js:20)
20:35:33.19 <error> token is not a string! (in index.js:33)
20:36:03.78 <info> localhost (in index.js:20)
20:36:03.83 <error> token is not a string! (in index.js:33)
20:36:41.10 <info> localhost (in index.js:20)
20:36:41.11 <error> token is not a string! (in index.js:33)
20:40:15.64 <info> localhost (in index.js:20)
20:40:15.68 <error> token is not a string! (in index.js:33)
20:41:03.63 <info> localhost (in index.js:20)
20:41:03.66 <error> token is not a string! (in index.js:33)
20:41:59.35 <info> localhost (in index.js:20)
20:41:59.35 <error> token is not a string! (in index.js:33)
20:45:48.92 <info> localhost (in index.js:20)
20:45:48.92 <error> token is not a string! (in index.js:33)
20:46:23.39 <info> localhost (in index.js:20)
20:46:23.40 <error> token is not a string! (in index.js:33)
20:46:30.05 <info> localhost (in index.js:20)
20:46:30.05 <error> token is not a string! (in index.js:33)
20:48:47.59 <info> localhost (in index.js:20)
20:48:47.63 <error> token is not a string! (in index.js:33)
20:52:02.53 <info> localhost (in index.js:20)
20:52:02.72 <error> token is not a string! (in index.js:33)
20:52:13.95 <info> localhost (in index.js:20)
20:52:13.95 <error> token is not a string! (in index.js:33)
20:52:54.52 <info> localhost (in index.js:20)
20:52:54.55 <error> token is not a string! (in index.js:33)
20:53:37.13 <info> localhost (in index.js:20)
20:53:37.13 <error> token is not a string! (in index.js:33)
20:54:26.65 <info> localhost (in index.js:20)
20:54:26.65 <error> token is not a string! (in index.js:33)
20:54:28.81 <info> localhost (in index.js:20)
20:54:28.81 <error> token is not a string! (in index.js:33)
20:54:29.50 <info> localhost (in index.js:20)
20:54:29.50 <error> token is not a string! (in index.js:33)
20:54:30.15 <info> localhost (in index.js:20)
20:54:30.15 <error> token is not a string! (in index.js:33)
20:55:18.20 <info> localhost (in index.js:20)
20:55:18.25 <error> token is not a string! (in index.js:33)
20:56:25.68 <info> localhost (in index.js:20)
20:56:25.73 <error> token is not a string! (in index.js:33)
20:58:01.79 <info> localhost (in index.js:20)
20:58:09.29 <info> localhost (in index.js:20)
20:58:37.98 <info> localhost (in index.js:20)
20:58:52.07 <info> localhost (in index.js:20)
20:59:07.00 <info> localhost (in index.js:20)
20:59:40.30 <info> localhost (in index.js:20)
20:59:53.28 <info> localhost (in index.js:20)
20:59:56.81 <info> localhost (in index.js:20)
21:24:19.52 <info> localhost (in index.js:20)
21:24:19.58 <error> next is not defined (in index.js:33)
21:25:01.49 <info> localhost (in index.js:20)
21:25:01.56 <error> next is not defined (in index.js:33)
21:25:05.73 <info> localhost (in index.js:20)
21:25:05.73 <error> next is not defined (in index.js:33)
21:26:13.13 <info> localhost (in index.js:20)
21:26:13.17 <error> next is not defined (in index.js:33)
21:26:27.55 <info> localhost (in index.js:20)
21:26:27.62 <error> next is not defined (in index.js:33)
21:26:40.59 <info> localhost (in index.js:20)
21:26:40.63 <error> next is not defined (in index.js:33)
21:27:08.26 <info> localhost (in index.js:20)
21:27:08.33 <error> next is not defined (in index.js:33)
21:27:36.03 <info> localhost (in index.js:20)
21:27:36.14 <error> next is not defined (in index.js:33)
21:29:17.61 <info> localhost (in index.js:20)
21:29:57.94 <info> localhost (in index.js:20)
21:31:02.42 <info> localhost (in index.js:20)
21:31:47.70 <info> localhost (in index.js:20)
21:32:15.01 <info> localhost (in index.js:20)
21:33:10.30 <info> localhost (in index.js:20)
21:33:56.08 <info> localhost (in index.js:20)
21:34:20.14 <info> localhost (in index.js:20)
21:35:40.83 <info> localhost (in index.js:20)
21:39:18.87 <info> localhost (in index.js:20)
21:41:40.06 <info> localhost (in index.js:20)
21:41:51.55 <info> localhost (in index.js:20)
21:43:51.37 <info> localhost (in index.js:20)
21:44:22.100 <info> localhost (in index.js:20)
21:52:28.05 <info> localhost (in index.js:20)
21:52:28.20 <error> ER_NOT_SUPPORTED_AUTH_MODE: Client does not support authentication protocol requested by server; consider upgrading MySQL client (in index.js:33)
21:55:36.95 <info> localhost (in index.js:20)
21:55:37.04 <error> ER_NOT_SUPPORTED_AUTH_MODE: Client does not support authentication protocol requested by server; consider upgrading MySQL client (in index.js:33)
22:09:21.39 <info> localhost (in index.js:20)
22:09:22.27 <error> ER_ACCESS_DENIED_ERROR: Access denied for user 'root'@'localhost' (using password: YES) (in index.js:33)
22:09:55.53 <info> localhost (in index.js:20)
22:09:55.69 <error> Invalid login, bye (in index.js:33)
22:15:54.01 <info> localhost (in index.js:20)
22:15:54.01 <error> Unknown endpoint (in index.js:33)
22:16:55.81 <info> localhost (in index.js:20)
22:16:55.81 <error>  is not a string! (in index.js:33)
22:19:05.83 <info> localhost (in index.js:20)
22:19:05.84 <error>  is not a string! (in index.js:33)
22:20:19.17 <info> localhost (in index.js:20)
22:20:19.17 <error>  is not a string! (in index.js:33)
22:20:28.95 <info> localhost (in index.js:20)
22:20:28.99 <error>  is not a string! (in index.js:33)
22:21:49.45 <info> localhost (in index.js:20)
22:21:49.64 <error> Invalid postal code: 4666CD (in index.js:33)
22:22:41.63 <info> localhost (in index.js:20)
22:23:36.18 <info> localhost (in index.js:20)
22:24:51.82 <info> localhost (in index.js:20)
22:24:53.57 <info> localhost (in index.js:20)
22:24:54.69 <info> localhost (in index.js:20)
22:25:00.65 <info> localhost (in index.js:20)
22:25:01.71 <info> localhost (in index.js:20)
22:25:02.43 <info> localhost (in index.js:20)
22:25:03.11 <info> localhost (in index.js:20)
22:25:03.66 <info> localhost (in index.js:20)
22:25:04.31 <info> localhost (in index.js:20)
22:26:37.55 <info> localhost (in index.js:20)
22:26:48.23 <info> localhost (in index.js:20)
22:27:42.17 <info> localhost (in index.js:20)
22:28:45.69 <info> localhost (in index.js:20)
22:28:56.72 <info> localhost (in index.js:20)
22:29:26.70 <info> localhost (in index.js:20)
22:29:38.51 <info> localhost (in index.js:20)
22:30:30.30 <info> localhost (in index.js:20)
22:30:44.100 <info> localhost (in index.js:20)
22:31:00.52 <info> localhost (in index.js:20)
22:31:02.04 <info> localhost (in index.js:20)
22:31:03.33 <info> localhost (in index.js:20)
22:31:13.67 <info> localhost (in index.js:20)
22:31:13.75 <error> rows is not defined (in index.js:33)
22:31:15.84 <info> localhost (in index.js:20)
22:31:15.84 <error> rows is not defined (in index.js:33)
22:31:17.09 <info> localhost (in index.js:20)
22:31:17.09 <error> rows is not defined (in index.js:33)
22:31:33.67 <info> localhost (in index.js:20)
22:31:34.76 <info> localhost (in index.js:20)
22:31:50.11 <info> localhost (in index.js:20)
22:33:04.63 <info> localhost (in index.js:20)
22:33:14.02 <info> localhost (in index.js:20)
22:34:52.09 <info> localhost (in index.js:20)
22:35:02.65 <info> localhost (in index.js:20)
22:35:11.43 <info> localhost (in index.js:20)
22:35:25.77 <info> localhost (in index.js:20)
22:35:54.53 <info> localhost (in index.js:20)
22:35:55.10 <info> localhost (in index.js:20)
22:35:55.49 <info> localhost (in index.js:20)
22:35:55.85 <info> localhost (in index.js:20)
22:35:56.20 <info> localhost (in index.js:20)
22:35:56.52 <info> localhost (in index.js:20)
22:35:56.83 <info> localhost (in index.js:20)
22:35:57.72 <info> localhost (in index.js:20)
22:35:58.09 <info> localhost (in index.js:20)
22:35:58.54 <info> localhost (in index.js:20)
22:35:58.90 <info> localhost (in index.js:20)
22:36:05.13 <info> localhost (in index.js:20)
22:36:07.69 <info> localhost (in index.js:20)
22:36:08.27 <info> localhost (in index.js:20)
22:36:08.91 <info> localhost (in index.js:20)
22:36:59.86 <info> localhost (in index.js:20)
22:38:24.71 <info> localhost (in index.js:20)
22:40:15.93 <info> localhost (in index.js:20)
22:41:27.10 <info> localhost (in index.js:20)
22:42:24.78 <info> localhost (in index.js:20)
22:42:24.84 <error> result is not defined (in index.js:33)
22:44:09.62 <info> localhost (in index.js:20)
22:49:31.79 <info> localhost (in index.js:20)
22:49:31.83 <error> result is not defined (in index.js:33)
22:49:54.98 <info> localhost (in index.js:20)
22:55:03.10 <info> localhost (in index.js:20)
22:55:08.05 <info> localhost (in index.js:20)
22:55:08.06 <error> Invalid login, bye (in index.js:33)
22:56:01.13 <info> localhost (in index.js:20)
22:56:01.13 <error> result is not defined (in index.js:33)
22:57:41.73 <info> localhost (in index.js:20)
22:57:41.78 <error> result is not defined (in index.js:33)
22:58:51.27 <info> localhost (in index.js:20)
22:59:56.83 <info> localhost (in index.js:20)
