00:14:52.05 <info> localhost (in index.js:20)
00:14:52.41 <error> apartments is not defined (in index.js:33)
00:15:13.02 <info> localhost (in index.js:20)
00:15:13.02 <error> apartments is not defined (in index.js:33)
00:15:32.66 <info> localhost (in index.js:20)
00:15:32.70 <error> apartments is not defined (in index.js:33)
00:16:03.91 <info> localhost (in index.js:20)
00:16:03.95 <error> apartments is not defined (in index.js:33)
00:17:59.17 <info> localhost (in index.js:20)
00:17:59.21 <error> apartments is not defined (in index.js:33)
00:23:32.10 <info> localhost (in index.js:20)
00:23:32.18 <error> apartments is not defined (in index.js:33)
00:23:34.93 <info> localhost (in index.js:20)
00:23:34.93 <error> apartments is not defined (in index.js:33)
00:23:43.54 <info> localhost (in index.js:20)
00:23:43.58 <error> next is not defined (in index.js:33)
00:25:23.08 <info> localhost (in index.js:20)
00:25:23.13 <error> next is not defined (in index.js:33)
00:28:49.86 <info> localhost (in index.js:20)
00:28:49.93 <error> next is not defined (in index.js:33)
00:29:43.84 <info> localhost (in index.js:20)
00:29:43.89 <error> next is not defined (in index.js:33)
00:30:56.25 <info> localhost (in index.js:20)
00:30:56.32 <error> next is not defined (in index.js:33)
00:31:41.71 <info> localhost (in index.js:20)
00:32:26.90 <info> localhost (in index.js:20)
00:32:26.97 <error> next is not defined (in index.js:33)
00:32:50.19 <info> localhost (in index.js:20)
00:33:51.16 <info> localhost (in index.js:20)
00:40:20.39 <info> localhost (in index.js:20)
00:44:37.52 <info> localhost (in index.js:20)
00:45:17.89 <info> localhost (in index.js:20)
00:49:37.68 <info> localhost (in index.js:20)
00:49:44.53 <info> localhost (in index.js:20)
01:01:03.12 <info> localhost (in index.js:20)
01:01:23.41 <info> localhost (in index.js:20)
01:18:37.37 <info> localhost (in index.js:20)
01:21:41.48 <info> localhost (in index.js:20)
01:27:21.50 <info> localhost (in index.js:20)
01:27:43.41 <info> localhost (in index.js:20)
01:28:07.02 <info> localhost (in index.js:20)
01:28:35.89 <info> localhost (in index.js:20)
01:29:24.39 <info> localhost (in index.js:20)
01:31:40.46 <info> localhost (in index.js:20)
01:32:24.46 <info> localhost (in index.js:20)
01:32:42.14 <info> localhost (in index.js:20)
01:33:24.14 <info> localhost (in index.js:20)
01:33:38.17 <info> localhost (in index.js:20)
01:36:40.44 <info> localhost (in index.js:20)
01:37:55.85 <info> localhost (in index.js:20)
01:42:09.93 <info> localhost (in index.js:20)
01:42:13.62 <info> localhost (in index.js:20)
01:42:16.96 <info> localhost (in index.js:20)
01:42:19.16 <info> localhost (in index.js:20)
01:42:20.39 <info> localhost (in index.js:20)
01:42:21.49 <info> localhost (in index.js:20)
01:42:22.53 <info> localhost (in index.js:20)
01:42:23.37 <info> localhost (in index.js:20)
01:42:24.67 <info> localhost (in index.js:20)
01:44:20.78 <info> localhost (in index.js:20)
01:44:25.61 <info> localhost (in index.js:20)
01:44:28.37 <info> localhost (in index.js:20)
01:44:30.71 <info> localhost (in index.js:20)
01:44:36.53 <info> localhost (in index.js:20)
10:42:31.83 <info> localhost (in index.js:20)
10:44:45.75 <info> localhost (in index.js:20)
10:45:38.74 <info> localhost (in index.js:20)
10:48:51.69 <info> localhost (in index.js:20)
11:06:55.85 <info> localhost (in index.js:20)
11:08:57.87 <info> localhost (in index.js:20)
11:08:57.88 <error>  is not a string! (in index.js:33)
11:10:58.47 <info> localhost (in index.js:20)
11:10:58.54 <error> UserId is not a string! (in index.js:33)
11:11:53.80 <info> localhost (in index.js:20)
11:12:25.98 <info> localhost (in index.js:20)
11:13:53.27 <info> localhost (in index.js:20)
11:24:04.28 <info> localhost (in index.js:20)
11:25:00.70 <info> localhost (in index.js:20)
11:27:27.98 <info> localhost (in index.js:20)
11:28:35.26 <info> localhost (in index.js:20)
11:33:53.52 <info> localhost (in index.js:20)
11:35:50.64 <info> localhost (in index.js:20)
21:00:04.64 <info> localhost (in index.js:20)
21:50:33.99 <info> localhost (in index.js:20)
21:50:34.04 <error> ER_NOT_SUPPORTED_AUTH_MODE: Client does not support authentication protocol requested by server; consider upgrading MySQL client (in index.js:33)
21:50:39.87 <info> localhost (in index.js:20)
21:50:40.11 <error> ER_NOT_SUPPORTED_AUTH_MODE: Client does not support authentication protocol requested by server; consider upgrading MySQL client (in index.js:33)
21:50:43.82 <info> localhost (in index.js:20)
21:50:50.35 <info> localhost (in index.js:20)
21:51:12.13 <info> localhost (in index.js:20)
21:54:40.81 <info> localhost (in index.js:20)
21:55:26.24 <info> localhost (in index.js:20)
21:55:26.30 <error> ER_ACCESS_DENIED_ERROR: Access denied for user 'root'@'localhost' (using password: NO) (in index.js:33)
21:56:18.39 <info> localhost (in index.js:20)
21:56:18.70 <error> ER_ACCESS_DENIED_ERROR: Access denied for user 'root'@'localhost' (using password: NO) (in index.js:33)
21:56:22.87 <info> localhost (in index.js:20)
21:57:58.49 <info> localhost (in index.js:20)
22:00:32.93 <info> localhost (in index.js:20)
22:05:16.17 <info> localhost (in index.js:20)
22:05:44.37 <info> localhost (in index.js:20)
22:05:44.43 <error> Invalid login, bye (in index.js:33)
22:05:48.36 <info> localhost (in index.js:20)
